<?xml version="1.0" encoding="UTF-8"?>
<!-- Generated by org.testng.reporters.JUnitReportReporter -->
<testsuite skipped="0" hostname="WINDOWS-CN1QL0J" name="getRequest.GetData" tests="1" failures="0" timestamp="25 Jul 2018 13:12:55 GMT" time="3.167" errors="0">
  <testcase name="testBody1" time="3.167" classname="getRequest.GetData"/>
</testsuite> <!-- getRequest.GetData -->
