<?xml version="1.0" encoding="UTF-8"?>
<!-- Generated by org.testng.reporters.JUnitReportReporter -->
<testsuite skipped="0" hostname="WINDOWS-CN1QL0J" name="getRequest.basics5" tests="1" failures="0" timestamp="06 Aug 2018 14:13:46 GMT" time="2.667" errors="0">
  <testcase name="testa" time="2.667" classname="getRequest.basics5"/>
</testsuite> <!-- getRequest.basics5 -->
