<?xml version="1.0" encoding="UTF-8"?>
<!-- Generated by org.testng.reporters.JUnitReportReporter -->
<testsuite skipped="0" hostname="WINDOWS-CN1QL0J" name="getRequest.Post_Delete_PutExamples3" tests="1" failures="0" timestamp="28 Jun 2018 12:13:34 GMT" time="2.619" errors="0">
  <testcase name="test1" time="2.619" classname="getRequest.Post_Delete_PutExamples3"/>
</testsuite> <!-- getRequest.Post_Delete_PutExamples3 -->
