<?xml version="1.0" encoding="UTF-8"?>
<!-- Generated by org.testng.reporters.JUnitReportReporter -->
<testsuite skipped="0" hostname="WINDOWS-CN1QL0J" name="getRequest.bascis2" tests="1" failures="0" timestamp="30 Jul 2018 11:02:03 GMT" time="3.586" errors="0">
  <testcase name="postData" time="3.586" classname="getRequest.bascis2"/>
</testsuite> <!-- getRequest.bascis2 -->
