<?xml version="1.0" encoding="UTF-8"?>
<!-- Generated by org.testng.reporters.JUnitReportReporter -->
<testsuite skipped="0" hostname="WINDOWS-CN1QL0J" name="getRequest.Post_Delete_PutExamples2" tests="1" failures="0" timestamp="28 Jun 2018 11:57:11 GMT" time="2.494" errors="0">
  <testcase name="test1" time="2.494" classname="getRequest.Post_Delete_PutExamples2"/>
</testsuite> <!-- getRequest.Post_Delete_PutExamples2 -->
